<?xml version="1.0" encoding="UTF-8"?>
<!-- Generated by org.testng.reporters.JUnitReportReporter -->
<testsuite hostname="Islam-PC" name="test1.Maven_Jenkins" tests="1" failures="0" timestamp="17 Nov 2016 02:21:01 GMT" time="25.661" errors="0">
  <testcase name="t1" time="25.661" classname="test1.Maven_Jenkins"/>
</testsuite> <!-- test1.Maven_Jenkins -->
